\BOOKMARK [2][-]{subsection.0.1}{\376\377\000n\000c\000e\000r\000t\000-\0001\0000\000t\000h\000-\000\050\0006\000\051}{}% 1
\BOOKMARK [3][-]{subsubsection.0.1.1}{\376\377\000Q\000u\000e\000s\000t\000i\000o\000n}{subsection.0.1}% 2
\BOOKMARK [3][-]{subsubsection.0.1.2}{\376\377\000S\000o\000l\000u\000t\000i\000o\000n}{subsection.0.1}% 3
\BOOKMARK [2][-]{subsection.0.2}{\376\377\000n\000c\000e\000r\000t\000-\0001\0000\000t\000h\000-\0001\0002}{}% 4
\BOOKMARK [3][-]{subsubsection.0.2.1}{\376\377\000Q\000u\000e\000s\000t\000i\000o\000n}{subsection.0.2}% 5
\BOOKMARK [3][-]{subsubsection.0.2.2}{\376\377\000S\000o\000l\000u\000t\000i\000o\000n}{subsection.0.2}% 6
\BOOKMARK [2][-]{subsection.0.3}{\376\377\000n\000c\000e\000r\000t\000-\0001\0000\000t\000h\000-\0001\0004}{}% 7
\BOOKMARK [3][-]{subsubsection.0.3.1}{\376\377\000Q\000u\000e\000s\000t\000i\000o\000n}{subsection.0.3}% 8
\BOOKMARK [3][-]{subsubsection.0.3.2}{\376\377\000S\000o\000l\000u\000t\000i\000o\000n}{subsection.0.3}% 9
\BOOKMARK [2][-]{subsection.0.4}{\376\377\000n\000c\000e\000r\000t\000-\0001\0000\000t\000h\000-\0002\0004}{}% 10
\BOOKMARK [3][-]{subsubsection.0.4.1}{\376\377\000q\000u\000e\000s\000t\000i\000o\000n}{subsection.0.4}% 11
\BOOKMARK [3][-]{subsubsection.0.4.2}{\376\377\000s\000o\000l\000u\000t\000i\000o\000n}{subsection.0.4}% 12
\BOOKMARK [2][-]{subsection.0.5}{\376\377\000n\000c\000e\000r\000t\000-\0001\0000\000t\000h\000-\0002\0004}{}% 13
\BOOKMARK [3][-]{subsubsection.0.5.1}{\376\377\000q\000u\000e\000s\000t\000i\000o\000n}{subsection.0.5}% 14
\BOOKMARK [3][-]{subsubsection.0.5.2}{\376\377\000s\000o\000l\000u\000t\000i\000o\000n}{subsection.0.5}% 15
\BOOKMARK [2][-]{subsection.0.6}{\376\377\000n\000c\000e\000r\000t\000-\0001\0000\000t\000h\000-\0003\0000\000\050\000A\000\051}{}% 16
\BOOKMARK [3][-]{subsubsection.0.6.1}{\376\377\000q\000u\000e\000s\000t\000i\000o\000n}{subsection.0.6}% 17
\BOOKMARK [3][-]{subsubsection.0.6.2}{\376\377\000s\000o\000l\000u\000t\000i\000o\000n}{subsection.0.6}% 18
\BOOKMARK [2][-]{subsection.0.7}{\376\377\000n\000c\000e\000r\000t\000-\0001\0000\000t\000h\000-\0003\0000\000\050\000B\000\051}{}% 19
\BOOKMARK [3][-]{subsubsection.0.7.1}{\376\377\000q\000u\000e\000s\000t\000i\000o\000n}{subsection.0.7}% 20
\BOOKMARK [3][-]{subsubsection.0.7.2}{\376\377\000s\000o\000l\000u\000t\000i\000o\000n}{subsection.0.7}% 21
\BOOKMARK [2][-]{subsection.0.8}{\376\377\000n\000c\000e\000r\000t\000-\0001\0000\000t\000h\000-\0003\0004\000\050\000A\000\051}{}% 22
\BOOKMARK [3][-]{subsubsection.0.8.1}{\376\377\000q\000u\000e\000s\000t\000i\000o\000n}{subsection.0.8}% 23
\BOOKMARK [3][-]{subsubsection.0.8.2}{\376\377\000s\000o\000l\000u\000t\000i\000o\000n}{subsection.0.8}% 24
\BOOKMARK [2][-]{subsection.0.9}{\376\377\000n\000c\000e\000r\000t\000-\0001\0000\000t\000h\000-\0003\0004\000\050\000B\000\051}{}% 25
\BOOKMARK [3][-]{subsubsection.0.9.1}{\376\377\000q\000u\000e\000s\000t\000i\000o\000n}{subsection.0.9}% 26
\BOOKMARK [3][-]{subsubsection.0.9.2}{\376\377\000s\000o\000l\000u\000t\000i\000o\000n}{subsection.0.9}% 27
\BOOKMARK [2][-]{subsection.0.10}{\376\377\000n\000c\000e\000r\000t\000-\0001\0002\000t\000h\000-\0001\0004}{}% 28
\BOOKMARK [3][-]{subsubsection.0.10.1}{\376\377\000q\000u\000e\000s\000t\000i\000o\000n}{subsection.0.10}% 29
\BOOKMARK [3][-]{subsubsection.0.10.2}{\376\377\000s\000o\000l\000u\000t\000i\000o\000n}{subsection.0.10}% 30
\BOOKMARK [2][-]{subsection.0.11}{\376\377\000n\000c\000e\000r\000t\000-\0001\0002\000t\000h\000-\0001\0004}{}% 31
\BOOKMARK [3][-]{subsubsection.0.11.1}{\376\377\000q\000u\000e\000s\000t\000i\000o\000n}{subsection.0.11}% 32
\BOOKMARK [3][-]{subsubsection.0.11.2}{\376\377\000s\000o\000l\000u\000t\000i\000o\000n}{subsection.0.11}% 33
\BOOKMARK [2][-]{subsection.0.12}{\376\377\000n\000c\000e\000r\000t\000-\0001\0002\000t\000h\000-\0002\0001}{}% 34
\BOOKMARK [3][-]{subsubsection.0.12.1}{\376\377\000q\000u\000e\000s\000t\000i\000o\000n}{subsection.0.12}% 35
\BOOKMARK [3][-]{subsubsection.0.12.2}{\376\377\000s\000o\000l\000u\000t\000i\000o\000n}{subsection.0.12}% 36
\BOOKMARK [2][-]{subsection.0.13}{\376\377\000n\000c\000e\000r\000t\000-\0001\0002\000t\000h\000-\0002\0005}{}% 37
\BOOKMARK [3][-]{subsubsection.0.13.1}{\376\377\000q\000u\000e\000s\000t\000i\000o\000n}{subsection.0.13}% 38
\BOOKMARK [3][-]{subsubsection.0.13.2}{\376\377\000s\000o\000l\000u\000t\000i\000o\000n}{subsection.0.13}% 39
\BOOKMARK [2][-]{subsection.0.14}{\376\377\000n\000c\000e\000r\000t\000-\0001\0002\000t\000h\000-\0003\0002\000\050\000a\000\051}{}% 40
\BOOKMARK [3][-]{subsubsection.0.14.1}{\376\377\000q\000u\000e\000s\000t\000i\000o\000n}{subsection.0.14}% 41
\BOOKMARK [3][-]{subsubsection.0.14.2}{\376\377\000s\000o\000l\000u\000t\000i\000o\000n}{subsection.0.14}% 42
\BOOKMARK [2][-]{subsection.0.15}{\376\377\000n\000c\000e\000r\000t\000-\0001\0002\000t\000h\000-\0003\0002\000\050\000b\000\051}{}% 43
\BOOKMARK [3][-]{subsubsection.0.15.1}{\376\377\000q\000u\000e\000s\000t\000i\000o\000n}{subsection.0.15}% 44
\BOOKMARK [3][-]{subsubsection.0.15.2}{\376\377\000s\000o\000l\000u\000t\000i\000o\000n}{subsection.0.15}% 45
